<?xml version="1.0" encoding="UTF-8"?>
<testng-results ignored="0" total="4" passed="4" failed="0" skipped="0">
  <reporter-output>
  </reporter-output>
  <suite started-at="2021-01-26T17:16:25 IST" name="Default suite" finished-at="2021-01-26T17:16:58 IST" duration-ms="32920">
    <groups>
      <group name="cucumber">
        <method signature="AbstractTestNGCucumberTests.runScenario(io.cucumber.testng.PickleWrapper, io.cucumber.testng.FeatureWrapper)[pri:0, instance:parallel.ParallelRunnersTest@6e4784bc]" name="runScenario" class="io.cucumber.testng.AbstractTestNGCucumberTests"/>
      </group> <!-- cucumber -->
    </groups>
    <test started-at="2021-01-26T17:16:25 IST" name="Default test" finished-at="2021-01-26T17:16:58 IST" duration-ms="32920">
      <class name="parallel.ParallelRunnersTest">
        <test-method is-config="true" signature="setUpClass()[pri:0, instance:parallel.ParallelRunnersTest@6e4784bc]" started-at="2021-01-26T17:16:25 IST" name="setUpClass" finished-at="2021-01-26T17:16:26 IST" duration-ms="516" status="PASS">
          <reporter-output>
          </reporter-output>
        </test-method> <!-- setUpClass -->
        <test-method signature="runScenario(io.cucumber.testng.PickleWrapper, io.cucumber.testng.FeatureWrapper)[pri:0, instance:parallel.ParallelRunnersTest@6e4784bc]" started-at="2021-01-26T17:16:26 IST" name="runScenario" description="Runs Cucumber Scenarios" data-provider="scenarios" finished-at="2021-01-26T17:16:54 IST" duration-ms="28681" status="PASS">
          <params>
            <param index="0">
              <value>
                <![CDATA["Getting Account Sections Count"]]>
              </value>
            </param>
            <param index="1">
              <value>
                <![CDATA["Optional[AccountsSectionpage and Contact Service]"]]>
              </value>
            </param>
          </params>
          <reporter-output>
          </reporter-output>
        </test-method> <!-- runScenario -->
        <test-method signature="runScenario(io.cucumber.testng.PickleWrapper, io.cucumber.testng.FeatureWrapper)[pri:0, instance:parallel.ParallelRunnersTest@6e4784bc]" started-at="2021-01-26T17:16:26 IST" name="runScenario" description="Runs Cucumber Scenarios" data-provider="scenarios" finished-at="2021-01-26T17:16:55 IST" duration-ms="29379" status="PASS">
          <params>
            <param index="0">
              <value>
                <![CDATA["Custamer Service - ContactUs Page"]]>
              </value>
            </param>
            <param index="1">
              <value>
                <![CDATA["Optional[AccountsSectionpage and Contact Service]"]]>
              </value>
            </param>
          </params>
          <reporter-output>
          </reporter-output>
        </test-method> <!-- runScenario -->
        <test-method signature="runScenario(io.cucumber.testng.PickleWrapper, io.cucumber.testng.FeatureWrapper)[pri:0, instance:parallel.ParallelRunnersTest@6e4784bc]" started-at="2021-01-26T17:16:26 IST" name="runScenario" description="Runs Cucumber Scenarios" data-provider="scenarios" finished-at="2021-01-26T17:16:55 IST" duration-ms="29531" status="PASS">
          <params>
            <param index="0">
              <value>
                <![CDATA["Custamer Service - ContactUs Page"]]>
              </value>
            </param>
            <param index="1">
              <value>
                <![CDATA["Optional[AccountsSectionpage and Contact Service]"]]>
              </value>
            </param>
          </params>
          <reporter-output>
          </reporter-output>
        </test-method> <!-- runScenario -->
        <test-method signature="runScenario(io.cucumber.testng.PickleWrapper, io.cucumber.testng.FeatureWrapper)[pri:0, instance:parallel.ParallelRunnersTest@6e4784bc]" started-at="2021-01-26T17:16:26 IST" name="runScenario" description="Runs Cucumber Scenarios" data-provider="scenarios" finished-at="2021-01-26T17:16:56 IST" duration-ms="30692" status="PASS">
          <params>
            <param index="0">
              <value>
                <![CDATA["Login Credentilas"]]>
              </value>
            </param>
            <param index="1">
              <value>
                <![CDATA["Optional[LoginFuntionality]"]]>
              </value>
            </param>
          </params>
          <reporter-output>
          </reporter-output>
        </test-method> <!-- runScenario -->
        <test-method is-config="true" signature="tearDownClass()[pri:0, instance:parallel.ParallelRunnersTest@6e4784bc]" started-at="2021-01-26T17:16:56 IST" name="tearDownClass" finished-at="2021-01-26T17:16:58 IST" duration-ms="1604" status="PASS">
          <reporter-output>
          </reporter-output>
        </test-method> <!-- tearDownClass -->
      </class> <!-- parallel.ParallelRunnersTest -->
    </test> <!-- Default test -->
  </suite> <!-- Default suite -->
</testng-results>
